# JRE version: OpenJDK Runtime Environment (21.0.5) (build 21.0.5+-12932927-b750.29)
# Java VM: OpenJDK 64-Bit Server VM (21.0.5+-12932927-b750.29, mixed mode, tiered, compressed oops, compressed class ptrs, g1 gc, windows-amd64)
GC Precious Log:
 CardTable entry size: 512
 Card Set container configuration: InlinePtr #cards 5 size 8 Array Of Cards #cards 12 size 40 Howl #buckets 4 coarsen threshold 1843 Howl Bitmap #cards 512 size 80 coarsen threshold 460 Card regions per heap region 1 cards per card region 2048
 CPUs: 16 total, 16 available
 Memory: 14173M
 Large Page Support: Disabled
 NUMA Support: Disabled
 Compressed Oops: Enabled (32-bit)
 Heap Region Size: 1M
 Heap Min Capacity: 8M
 Heap Initial Capacity: 222M
 Heap Max Capacity: 2G
 Pre-touch: Disabled
 Parallel Workers: 13
 Concurrent Workers: 3
 Concurrent Refinement Workers: 13
 Periodic GC: Disabled
Heap:
 garbage-first heap   total 104448K, used 80353K [0x0000000080000000, 0x0000000100000000)
  region size 1024K, 37 young (37888K), 4 survivors (4096K)
 Metaspace       used 66818K, committed 68480K, reserved 1114112K
  class space    used 9059K, committed 9856K, reserved 1048576K
GC Heap History (20 events):
Event: 3.499 GC heap before
{Heap before GC invocations=6 (full 0):
 garbage-first heap   total 87040K, used 64187K [0x0000000080000000, 0x0000000100000000)
  region size 1024K, 51 young (52224K), 11 survivors (11264K)
 Metaspace       used 34982K, committed 35840K, reserved 1114112K
  class space    used 4655K, committed 5056K, reserved 1048576K
}
Event: 3.504 GC heap after
{Heap after GC invocations=7 (full 0):
 garbage-first heap   total 87040K, used 27008K [0x0000000080000000, 0x0000000100000000)
  region size 1024K, 6 young (6144K), 6 survivors (6144K)
 Metaspace       used 34982K, committed 35840K, reserved 1114112K
  class space    used 4655K, committed 5056K, reserved 1048576K
}
Event: 3.532 GC heap before
{Heap before GC invocations=7 (full 0):
 garbage-first heap   total 87040K, used 29056K [0x0000000080000000, 0x0000000100000000)
  region size 1024K, 9 young (9216K), 6 survivors (6144K)
 Metaspace       used 35251K, committed 36096K, reserved 1114112K
  class space    used 4702K, committed 5120K, reserved 1048576K
}
Event: 3.535 GC heap after
{Heap after GC invocations=8 (full 0):
 garbage-first heap   total 87040K, used 27371K [0x0000000080000000, 0x0000000100000000)
  region size 1024K, 3 young (3072K), 3 survivors (3072K)
 Metaspace       used 35251K, committed 36096K, reserved 1114112K
  class space    used 4702K, committed 5120K, reserved 1048576K
}
Event: 4.137 GC heap before
{Heap before GC invocations=9 (full 0):
 garbage-first heap   total 87040K, used 75499K [0x0000000080000000, 0x0000000100000000)
  region size 1024K, 50 young (51200K), 3 survivors (3072K)
 Metaspace       used 43449K, committed 44672K, reserved 1114112K
  class space    used 5810K, committed 6400K, reserved 1048576K
}
Event: 4.141 GC heap after
{Heap after GC invocations=10 (full 0):
 garbage-first heap   total 87040K, used 30439K [0x0000000080000000, 0x0000000100000000)
  region size 1024K, 6 young (6144K), 6 survivors (6144K)
 Metaspace       used 43449K, committed 44672K, reserved 1114112K
  class space    used 5810K, committed 6400K, reserved 1048576K
}
Event: 4.512 GC heap before
{Heap before GC invocations=10 (full 0):
 garbage-first heap   total 87040K, used 74471K [0x0000000080000000, 0x0000000100000000)
  region size 1024K, 50 young (51200K), 6 survivors (6144K)
 Metaspace       used 46637K, committed 47936K, reserved 1114112K
  class space    used 6206K, committed 6848K, reserved 1048576K
}
Event: 4.517 GC heap after
{Heap after GC invocations=11 (full 0):
 garbage-first heap   total 87040K, used 33539K [0x0000000080000000, 0x0000000100000000)
  region size 1024K, 7 young (7168K), 7 survivors (7168K)
 Metaspace       used 46637K, committed 47936K, reserved 1114112K
  class space    used 6206K, committed 6848K, reserved 1048576K
}
Event: 4.968 GC heap before
{Heap before GC invocations=11 (full 0):
 garbage-first heap   total 87040K, used 74499K [0x0000000080000000, 0x0000000100000000)
  region size 1024K, 47 young (48128K), 7 survivors (7168K)
 Metaspace       used 50405K, committed 51840K, reserved 1114112K
  class space    used 6814K, committed 7552K, reserved 1048576K
}
Event: 4.974 GC heap after
{Heap after GC invocations=12 (full 0):
 garbage-first heap   total 87040K, used 35808K [0x0000000080000000, 0x0000000100000000)
  region size 1024K, 6 young (6144K), 6 survivors (6144K)
 Metaspace       used 50405K, committed 51840K, reserved 1114112K
  class space    used 6814K, committed 7552K, reserved 1048576K
}
Event: 5.426 GC heap before
{Heap before GC invocations=12 (full 0):
 garbage-first heap   total 87040K, used 76768K [0x0000000080000000, 0x0000000100000000)
  region size 1024K, 44 young (45056K), 6 survivors (6144K)
 Metaspace       used 56265K, committed 57792K, reserved 1114112K
  class space    used 7543K, committed 8320K, reserved 1048576K
}
Event: 5.431 GC heap after
{Heap after GC invocations=13 (full 0):
 garbage-first heap   total 104448K, used 37093K [0x0000000080000000, 0x0000000100000000)
  region size 1024K, 4 young (4096K), 4 survivors (4096K)
 Metaspace       used 56265K, committed 57792K, reserved 1114112K
  class space    used 7543K, committed 8320K, reserved 1048576K
}
Event: 5.754 GC heap before
{Heap before GC invocations=13 (full 0):
 garbage-first heap   total 104448K, used 55525K [0x0000000080000000, 0x0000000100000000)
  region size 1024K, 23 young (23552K), 4 survivors (4096K)
 Metaspace       used 58807K, committed 60288K, reserved 1114112K
  class space    used 7915K, committed 8640K, reserved 1048576K
}
Event: 5.758 GC heap after
{Heap after GC invocations=14 (full 0):
 garbage-first heap   total 104448K, used 38430K [0x0000000080000000, 0x0000000100000000)
  region size 1024K, 6 young (6144K), 6 survivors (6144K)
 Metaspace       used 58807K, committed 60288K, reserved 1114112K
  class space    used 7915K, committed 8640K, reserved 1048576K
}
Event: 6.599 GC heap before
{Heap before GC invocations=15 (full 0):
 garbage-first heap   total 104448K, used 90654K [0x0000000080000000, 0x0000000100000000)
  region size 1024K, 57 young (58368K), 6 survivors (6144K)
 Metaspace       used 65205K, committed 66880K, reserved 1114112K
  class space    used 8902K, committed 9728K, reserved 1048576K
}
Event: 6.605 GC heap after
{Heap after GC invocations=16 (full 0):
 garbage-first heap   total 104448K, used 42666K [0x0000000080000000, 0x0000000100000000)
  region size 1024K, 7 young (7168K), 7 survivors (7168K)
 Metaspace       used 65205K, committed 66880K, reserved 1114112K
  class space    used 8902K, committed 9728K, reserved 1048576K
}
Event: 6.947 GC heap before
{Heap before GC invocations=16 (full 0):
 garbage-first heap   total 104448K, used 89770K [0x0000000080000000, 0x0000000100000000)
  region size 1024K, 54 young (55296K), 7 survivors (7168K)
 Metaspace       used 66538K, committed 68160K, reserved 1114112K
  class space    used 9059K, committed 9856K, reserved 1048576K
}
Event: 6.953 GC heap after
{Heap after GC invocations=17 (full 0):
 garbage-first heap   total 104448K, used 46313K [0x0000000080000000, 0x0000000100000000)
  region size 1024K, 6 young (6144K), 6 survivors (6144K)
 Metaspace       used 66538K, committed 68160K, reserved 1114112K
  class space    used 9059K, committed 9856K, reserved 1048576K
}
Event: 7.045 GC heap before
{Heap before GC invocations=17 (full 0):
 garbage-first heap   total 104448K, used 89321K [0x0000000080000000, 0x0000000100000000)
  region size 1024K, 49 young (50176K), 6 survivors (6144K)
 Metaspace       used 66781K, committed 68416K, reserved 1114112K
  class space    used 9059K, committed 9856K, reserved 1048576K
}
Event: 7.048 GC heap after
{Heap after GC invocations=18 (full 0):
 garbage-first heap   total 104448K, used 47585K [0x0000000080000000, 0x0000000100000000)
  region size 1024K, 4 young (4096K), 4 survivors (4096K)
 Metaspace       used 66781K, committed 68416K, reserved 1114112K
  class space    used 9059K, committed 9856K, reserved 1048576K
}

