# JRE version: OpenJDK Runtime Environment (21.0.5) (build 21.0.5+-12932927-b750.29)
# Java VM: OpenJDK 64-Bit Server VM (21.0.5+-12932927-b750.29, mixed mode, tiered, compressed oops, compressed class ptrs, g1 gc, windows-amd64)
GC Precious Log:
 CardTable entry size: 512
 Card Set container configuration: InlinePtr #cards 5 size 8 Array Of Cards #cards 12 size 40 Howl #buckets 4 coarsen threshold 1843 Howl Bitmap #cards 512 size 80 coarsen threshold 460 Card regions per heap region 1 cards per card region 2048
 CPUs: 16 total, 16 available
 Memory: 14173M
 Large Page Support: Disabled
 NUMA Support: Disabled
 Compressed Oops: Enabled (32-bit)
 Heap Region Size: 1M
 Heap Min Capacity: 8M
 Heap Initial Capacity: 222M
 Heap Max Capacity: 2G
 Pre-touch: Disabled
 Parallel Workers: 13
 Concurrent Workers: 3
 Concurrent Refinement Workers: 13
 Periodic GC: Disabled
Heap:
 garbage-first heap   total 192512K, used 145922K [0x0000000080000000, 0x0000000100000000)
  region size 1024K, 55 young (56320K), 7 survivors (7168K)
 Metaspace       used 114631K, committed 116736K, reserved 1179648K
  class space    used 15122K, committed 16192K, reserved 1048576K
GC Heap History (20 events):
Event: 8.772 GC heap before
{Heap before GC invocations=25 (full 0):
 garbage-first heap   total 129024K, used 114159K [0x0000000080000000, 0x0000000100000000)
  region size 1024K, 51 young (52224K), 7 survivors (7168K)
 Metaspace       used 84306K, committed 86144K, reserved 1179648K
  class space    used 11232K, committed 12160K, reserved 1048576K
}
Event: 8.778 GC heap after
{Heap after GC invocations=26 (full 0):
 garbage-first heap   total 129024K, used 73580K [0x0000000080000000, 0x0000000100000000)
  region size 1024K, 5 young (5120K), 5 survivors (5120K)
 Metaspace       used 84306K, committed 86144K, reserved 1179648K
  class space    used 11232K, committed 12160K, reserved 1048576K
}
Event: 9.016 GC heap before
{Heap before GC invocations=26 (full 0):
 garbage-first heap   total 129024K, used 110444K [0x0000000080000000, 0x0000000100000000)
  region size 1024K, 42 young (43008K), 5 survivors (5120K)
 Metaspace       used 87332K, committed 89216K, reserved 1179648K
  class space    used 11631K, committed 12608K, reserved 1048576K
}
Event: 9.020 GC heap after
{Heap after GC invocations=27 (full 0):
 garbage-first heap   total 155648K, used 75361K [0x0000000080000000, 0x0000000100000000)
  region size 1024K, 2 young (2048K), 2 survivors (2048K)
 Metaspace       used 87332K, committed 89216K, reserved 1179648K
  class space    used 11631K, committed 12608K, reserved 1048576K
}
Event: 9.496 GC heap before
{Heap before GC invocations=27 (full 0):
 garbage-first heap   total 155648K, used 138849K [0x0000000080000000, 0x0000000100000000)
  region size 1024K, 63 young (64512K), 2 survivors (2048K)
 Metaspace       used 92347K, committed 94272K, reserved 1179648K
  class space    used 12463K, committed 13440K, reserved 1048576K
}
Event: 9.499 GC heap after
{Heap after GC invocations=28 (full 0):
 garbage-first heap   total 155648K, used 77195K [0x0000000080000000, 0x0000000100000000)
  region size 1024K, 4 young (4096K), 4 survivors (4096K)
 Metaspace       used 92347K, committed 94272K, reserved 1179648K
  class space    used 12463K, committed 13440K, reserved 1048576K
}
Event: 10.001 GC heap before
{Heap before GC invocations=28 (full 0):
 garbage-first heap   total 155648K, used 141707K [0x0000000080000000, 0x0000000100000000)
  region size 1024K, 67 young (68608K), 4 survivors (4096K)
 Metaspace       used 97620K, committed 99584K, reserved 1179648K
  class space    used 13226K, committed 14208K, reserved 1048576K
}
Event: 10.006 GC heap after
{Heap after GC invocations=29 (full 0):
 garbage-first heap   total 155648K, used 80683K [0x0000000080000000, 0x0000000100000000)
  region size 1024K, 8 young (8192K), 8 survivors (8192K)
 Metaspace       used 97620K, committed 99584K, reserved 1179648K
  class space    used 13226K, committed 14208K, reserved 1048576K
}
Event: 10.562 GC heap before
{Heap before GC invocations=30 (full 0):
 garbage-first heap   total 155648K, used 135979K [0x0000000080000000, 0x0000000100000000)
  region size 1024K, 63 young (64512K), 8 survivors (8192K)
 Metaspace       used 101923K, committed 103936K, reserved 1179648K
  class space    used 13834K, committed 14848K, reserved 1048576K
}
Event: 10.569 GC heap after
{Heap after GC invocations=31 (full 0):
 garbage-first heap   total 155648K, used 84978K [0x0000000080000000, 0x0000000100000000)
  region size 1024K, 8 young (8192K), 8 survivors (8192K)
 Metaspace       used 101923K, committed 103936K, reserved 1179648K
  class space    used 13834K, committed 14848K, reserved 1048576K
}
Event: 11.057 GC heap before
{Heap before GC invocations=31 (full 0):
 garbage-first heap   total 155648K, used 141298K [0x0000000080000000, 0x0000000100000000)
  region size 1024K, 59 young (60416K), 8 survivors (8192K)
 Metaspace       used 106138K, committed 108288K, reserved 1179648K
  class space    used 14297K, committed 15360K, reserved 1048576K
}
Event: 11.067 GC heap after
{Heap after GC invocations=32 (full 0):
 garbage-first heap   total 159744K, used 90592K [0x0000000080000000, 0x0000000100000000)
  region size 1024K, 8 young (8192K), 8 survivors (8192K)
 Metaspace       used 106138K, committed 108288K, reserved 1179648K
  class space    used 14297K, committed 15360K, reserved 1048576K
}
Event: 11.208 GC heap before
{Heap before GC invocations=32 (full 0):
 garbage-first heap   total 159744K, used 141792K [0x0000000080000000, 0x0000000100000000)
  region size 1024K, 58 young (59392K), 8 survivors (8192K)
 Metaspace       used 106186K, committed 108288K, reserved 1179648K
  class space    used 14301K, committed 15360K, reserved 1048576K
}
Event: 11.213 GC heap after
{Heap after GC invocations=33 (full 0):
 garbage-first heap   total 159744K, used 93378K [0x0000000080000000, 0x0000000100000000)
  region size 1024K, 5 young (5120K), 5 survivors (5120K)
 Metaspace       used 106186K, committed 108288K, reserved 1179648K
  class space    used 14301K, committed 15360K, reserved 1048576K
}
Event: 11.457 GC heap before
{Heap before GC invocations=34 (full 0):
 garbage-first heap   total 159744K, used 143554K [0x0000000080000000, 0x0000000100000000)
  region size 1024K, 55 young (56320K), 5 survivors (5120K)
 Metaspace       used 106502K, committed 108608K, reserved 1179648K
  class space    used 14347K, committed 15360K, reserved 1048576K
}
Event: 11.460 GC heap after
{Heap after GC invocations=35 (full 0):
 garbage-first heap   total 159744K, used 96383K [0x0000000080000000, 0x0000000100000000)
  region size 1024K, 6 young (6144K), 6 survivors (6144K)
 Metaspace       used 106502K, committed 108608K, reserved 1179648K
  class space    used 14347K, committed 15360K, reserved 1048576K
}
Event: 11.672 GC heap before
{Heap before GC invocations=35 (full 0):
 garbage-first heap   total 159744K, used 142463K [0x0000000080000000, 0x0000000100000000)
  region size 1024K, 52 young (53248K), 6 survivors (6144K)
 Metaspace       used 106827K, committed 108928K, reserved 1179648K
  class space    used 14383K, committed 15424K, reserved 1048576K
}
Event: 11.677 GC heap after
{Heap after GC invocations=36 (full 0):
 garbage-first heap   total 192512K, used 96466K [0x0000000080000000, 0x0000000100000000)
  region size 1024K, 5 young (5120K), 5 survivors (5120K)
 Metaspace       used 106827K, committed 108928K, reserved 1179648K
  class space    used 14383K, committed 15424K, reserved 1048576K
}
Event: 12.087 GC heap before
{Heap before GC invocations=36 (full 0):
 garbage-first heap   total 192512K, used 174290K [0x0000000080000000, 0x0000000100000000)
  region size 1024K, 82 young (83968K), 5 survivors (5120K)
 Metaspace       used 111814K, committed 113984K, reserved 1179648K
  class space    used 14885K, committed 15936K, reserved 1048576K
}
Event: 12.091 GC heap after
{Heap after GC invocations=37 (full 0):
 garbage-first heap   total 192512K, used 98818K [0x0000000080000000, 0x0000000100000000)
  region size 1024K, 7 young (7168K), 7 survivors (7168K)
 Metaspace       used 111814K, committed 113984K, reserved 1179648K
  class space    used 14885K, committed 15936K, reserved 1048576K
}

