# JRE version: OpenJDK Runtime Environment (21.0.5) (build 21.0.5+-12932927-b750.29)
# Java VM: OpenJDK 64-Bit Server VM (21.0.5+-12932927-b750.29, mixed mode, tiered, compressed oops, compressed class ptrs, g1 gc, windows-amd64)
GC Precious Log:
 CardTable entry size: 512
 Card Set container configuration: InlinePtr #cards 5 size 8 Array Of Cards #cards 12 size 40 Howl #buckets 4 coarsen threshold 1843 Howl Bitmap #cards 512 size 80 coarsen threshold 460 Card regions per heap region 1 cards per card region 2048
 CPUs: 16 total, 16 available
 Memory: 14173M
 Large Page Support: Disabled
 NUMA Support: Disabled
 Compressed Oops: Enabled (32-bit)
 Heap Region Size: 1M
 Heap Min Capacity: 8M
 Heap Initial Capacity: 222M
 Heap Max Capacity: 2G
 Pre-touch: Disabled
 Parallel Workers: 13
 Concurrent Workers: 3
 Concurrent Refinement Workers: 13
 Periodic GC: Disabled
Heap:
 garbage-first heap   total 140288K, used 91531K [0x0000000080000000, 0x0000000100000000)
  region size 1024K, 26 young (26624K), 4 survivors (4096K)
 Metaspace       used 79954K, committed 81792K, reserved 1179648K
  class space    used 10689K, committed 11584K, reserved 1048576K
GC Heap History (20 events):
Event: 4.788 GC heap before
{Heap before GC invocations=10 (full 0):
 garbage-first heap   total 90112K, used 76024K [0x0000000080000000, 0x0000000100000000)
  region size 1024K, 52 young (53248K), 7 survivors (7168K)
 Metaspace       used 46684K, committed 48064K, reserved 1114112K
  class space    used 6224K, committed 6912K, reserved 1048576K
}
Event: 4.793 GC heap after
{Heap after GC invocations=11 (full 0):
 garbage-first heap   total 90112K, used 33030K [0x0000000080000000, 0x0000000100000000)
  region size 1024K, 3 young (3072K), 3 survivors (3072K)
 Metaspace       used 46684K, committed 48064K, reserved 1114112K
  class space    used 6224K, committed 6912K, reserved 1048576K
}
Event: 5.380 GC heap before
{Heap before GC invocations=11 (full 0):
 garbage-first heap   total 90112K, used 77062K [0x0000000080000000, 0x0000000100000000)
  region size 1024K, 47 young (48128K), 3 survivors (3072K)
 Metaspace       used 51263K, committed 52736K, reserved 1114112K
  class space    used 6977K, committed 7744K, reserved 1048576K
}
Event: 5.384 GC heap after
{Heap after GC invocations=12 (full 0):
 garbage-first heap   total 108544K, used 35305K [0x0000000080000000, 0x0000000100000000)
  region size 1024K, 6 young (6144K), 6 survivors (6144K)
 Metaspace       used 51263K, committed 52736K, reserved 1114112K
  class space    used 6977K, committed 7744K, reserved 1048576K
}
Event: 6.105 GC heap before
{Heap before GC invocations=12 (full 0):
 garbage-first heap   total 108544K, used 85481K [0x0000000080000000, 0x0000000100000000)
  region size 1024K, 55 young (56320K), 6 survivors (6144K)
 Metaspace       used 59172K, committed 60608K, reserved 1114112K
  class space    used 7970K, committed 8704K, reserved 1048576K
}
Event: 6.111 GC heap after
{Heap after GC invocations=13 (full 0):
 garbage-first heap   total 108544K, used 37258K [0x0000000080000000, 0x0000000100000000)
  region size 1024K, 5 young (5120K), 5 survivors (5120K)
 Metaspace       used 59172K, committed 60608K, reserved 1114112K
  class space    used 7970K, committed 8704K, reserved 1048576K
}
Event: 7.248 GC heap before
{Heap before GC invocations=14 (full 0):
 garbage-first heap   total 108544K, used 96650K [0x0000000080000000, 0x0000000100000000)
  region size 1024K, 63 young (64512K), 5 survivors (5120K)
 Metaspace       used 65647K, committed 67328K, reserved 1114112K
  class space    used 8951K, committed 9792K, reserved 1048576K
}
Event: 7.254 GC heap after
{Heap after GC invocations=15 (full 0):
 garbage-first heap   total 108544K, used 42830K [0x0000000080000000, 0x0000000100000000)
  region size 1024K, 8 young (8192K), 8 survivors (8192K)
 Metaspace       used 65647K, committed 67328K, reserved 1114112K
  class space    used 8951K, committed 9792K, reserved 1048576K
}
Event: 7.553 GC heap before
{Heap before GC invocations=15 (full 0):
 garbage-first heap   total 108544K, used 91982K [0x0000000080000000, 0x0000000100000000)
  region size 1024K, 57 young (58368K), 8 survivors (8192K)
 Metaspace       used 66603K, committed 68224K, reserved 1114112K
  class space    used 9051K, committed 9856K, reserved 1048576K
}
Event: 7.558 GC heap after
{Heap after GC invocations=16 (full 0):
 garbage-first heap   total 108544K, used 46113K [0x0000000080000000, 0x0000000100000000)
  region size 1024K, 5 young (5120K), 5 survivors (5120K)
 Metaspace       used 66603K, committed 68224K, reserved 1114112K
  class space    used 9051K, committed 9856K, reserved 1048576K
}
Event: 7.659 GC heap before
{Heap before GC invocations=16 (full 0):
 garbage-first heap   total 108544K, used 95265K [0x0000000080000000, 0x0000000100000000)
  region size 1024K, 54 young (55296K), 5 survivors (5120K)
 Metaspace       used 66781K, committed 68352K, reserved 1114112K
  class space    used 9051K, committed 9856K, reserved 1048576K
}
Event: 7.662 GC heap after
{Heap after GC invocations=17 (full 0):
 garbage-first heap   total 108544K, used 47269K [0x0000000080000000, 0x0000000100000000)
  region size 1024K, 4 young (4096K), 4 survivors (4096K)
 Metaspace       used 66781K, committed 68352K, reserved 1114112K
  class space    used 9051K, committed 9856K, reserved 1048576K
}
Event: 7.842 GC heap before
{Heap before GC invocations=17 (full 0):
 garbage-first heap   total 108544K, used 91301K [0x0000000080000000, 0x0000000100000000)
  region size 1024K, 49 young (50176K), 4 survivors (4096K)
 Metaspace       used 67083K, committed 68736K, reserved 1114112K
  class space    used 9089K, committed 9920K, reserved 1048576K
}
Event: 7.845 GC heap after
{Heap after GC invocations=18 (full 0):
 garbage-first heap   total 108544K, used 48623K [0x0000000080000000, 0x0000000100000000)
  region size 1024K, 5 young (5120K), 5 survivors (5120K)
 Metaspace       used 67083K, committed 68736K, reserved 1114112K
  class space    used 9089K, committed 9920K, reserved 1048576K
}
Event: 8.528 GC heap before
{Heap before GC invocations=19 (full 0):
 garbage-first heap   total 108544K, used 102895K [0x0000000080000000, 0x0000000100000000)
  region size 1024K, 52 young (53248K), 5 survivors (5120K)
 Metaspace       used 70512K, committed 72192K, reserved 1114112K
  class space    used 9551K, committed 10368K, reserved 1048576K
}
Event: 8.535 GC heap after
{Heap after GC invocations=20 (full 0):
 garbage-first heap   total 116736K, used 61145K [0x0000000080000000, 0x0000000100000000)
  region size 1024K, 7 young (7168K), 7 survivors (7168K)
 Metaspace       used 70512K, committed 72192K, reserved 1114112K
  class space    used 9551K, committed 10368K, reserved 1048576K
}
Event: 9.095 GC heap before
{Heap before GC invocations=20 (full 0):
 garbage-first heap   total 116736K, used 100057K [0x0000000080000000, 0x0000000100000000)
  region size 1024K, 46 young (47104K), 7 survivors (7168K)
 Metaspace       used 75104K, committed 76800K, reserved 1179648K
  class space    used 9980K, committed 10880K, reserved 1048576K
}
Event: 9.100 GC heap after
{Heap after GC invocations=21 (full 0):
 garbage-first heap   total 140288K, used 62489K [0x0000000080000000, 0x0000000100000000)
  region size 1024K, 2 young (2048K), 2 survivors (2048K)
 Metaspace       used 75104K, committed 76800K, reserved 1179648K
  class space    used 9980K, committed 10880K, reserved 1048576K
}
Event: 9.603 GC heap before
{Heap before GC invocations=21 (full 0):
 garbage-first heap   total 140288K, used 94233K [0x0000000080000000, 0x0000000100000000)
  region size 1024K, 34 young (34816K), 2 survivors (2048K)
 Metaspace       used 79122K, committed 80896K, reserved 1179648K
  class space    used 10563K, committed 11456K, reserved 1048576K
}
Event: 9.607 GC heap after
{Heap after GC invocations=22 (full 0):
 garbage-first heap   total 140288K, used 64907K [0x0000000080000000, 0x0000000100000000)
  region size 1024K, 4 young (4096K), 4 survivors (4096K)
 Metaspace       used 79122K, committed 80896K, reserved 1179648K
  class space    used 10563K, committed 11456K, reserved 1048576K
}

