# JRE version: OpenJDK Runtime Environment (21.0.5) (build 21.0.5+-12932927-b750.29)
# Java VM: OpenJDK 64-Bit Server VM (21.0.5+-12932927-b750.29, mixed mode, tiered, compressed oops, compressed class ptrs, g1 gc, windows-amd64)
GC Precious Log:
 CardTable entry size: 512
 Card Set container configuration: InlinePtr #cards 5 size 8 Array Of Cards #cards 12 size 40 Howl #buckets 4 coarsen threshold 1843 Howl Bitmap #cards 512 size 80 coarsen threshold 460 Card regions per heap region 1 cards per card region 2048
 CPUs: 16 total, 16 available
 Memory: 14173M
 Large Page Support: Disabled
 NUMA Support: Disabled
 Compressed Oops: Enabled (32-bit)
 Heap Region Size: 1M
 Heap Min Capacity: 8M
 Heap Initial Capacity: 222M
 Heap Max Capacity: 2G
 Pre-touch: Disabled
 Parallel Workers: 13
 Concurrent Workers: 3
 Concurrent Refinement Workers: 13
 Periodic GC: Disabled
Heap:
 garbage-first heap   total 163840K, used 111616K [0x0000000080000000, 0x0000000100000000)
  region size 1024K, 6 young (6144K), 6 survivors (6144K)
 Metaspace       used 116645K, committed 118912K, reserved 1179648K
  class space    used 15709K, committed 16832K, reserved 1048576K
GC Heap History (20 events):
Event: 60.893 GC heap after
{Heap after GC invocations=29 (full 0):
 garbage-first heap   total 124928K, used 74714K [0x0000000080000000, 0x0000000100000000)
  region size 1024K, 3 young (3072K), 3 survivors (3072K)
 Metaspace       used 90681K, committed 92608K, reserved 1179648K
  class space    used 12254K, committed 13248K, reserved 1048576K
}
Event: 61.396 GC heap before
{Heap before GC invocations=29 (full 0):
 garbage-first heap   total 124928K, used 113626K [0x0000000080000000, 0x0000000100000000)
  region size 1024K, 41 young (41984K), 3 survivors (3072K)
 Metaspace       used 93749K, committed 95808K, reserved 1179648K
  class space    used 12699K, committed 13760K, reserved 1048576K
}
Event: 61.400 GC heap after
{Heap after GC invocations=30 (full 0):
 garbage-first heap   total 124928K, used 76496K [0x0000000080000000, 0x0000000100000000)
  region size 1024K, 5 young (5120K), 5 survivors (5120K)
 Metaspace       used 93749K, committed 95808K, reserved 1179648K
  class space    used 12699K, committed 13760K, reserved 1048576K
}
Event: 61.881 GC heap before
{Heap before GC invocations=31 (full 0):
 garbage-first heap   total 130048K, used 111312K [0x0000000080000000, 0x0000000100000000)
  region size 1024K, 39 young (39936K), 5 survivors (5120K)
 Metaspace       used 96362K, committed 98432K, reserved 1179648K
  class space    used 13114K, committed 14144K, reserved 1048576K
}
Event: 61.895 GC heap after
{Heap after GC invocations=32 (full 0):
 garbage-first heap   total 130048K, used 79167K [0x0000000080000000, 0x0000000100000000)
  region size 1024K, 5 young (5120K), 5 survivors (5120K)
 Metaspace       used 96362K, committed 98432K, reserved 1179648K
  class space    used 13114K, committed 14144K, reserved 1048576K
}
Event: 62.461 GC heap before
{Heap before GC invocations=32 (full 0):
 garbage-first heap   total 130048K, used 117055K [0x0000000080000000, 0x0000000100000000)
  region size 1024K, 42 young (43008K), 5 survivors (5120K)
 Metaspace       used 100254K, committed 102336K, reserved 1179648K
  class space    used 13663K, committed 14720K, reserved 1048576K
}
Event: 62.466 GC heap after
{Heap after GC invocations=33 (full 0):
 garbage-first heap   total 156672K, used 79981K [0x0000000080000000, 0x0000000100000000)
  region size 1024K, 5 young (5120K), 5 survivors (5120K)
 Metaspace       used 100254K, committed 102336K, reserved 1179648K
  class space    used 13663K, committed 14720K, reserved 1048576K
}
Event: 63.017 GC heap before
{Heap before GC invocations=33 (full 0):
 garbage-first heap   total 156672K, used 121965K [0x0000000080000000, 0x0000000100000000)
  region size 1024K, 48 young (49152K), 5 survivors (5120K)
 Metaspace       used 102871K, committed 105024K, reserved 1179648K
  class space    used 13942K, committed 15040K, reserved 1048576K
}
Event: 63.024 GC heap after
{Heap after GC invocations=34 (full 0):
 garbage-first heap   total 156672K, used 85800K [0x0000000080000000, 0x0000000100000000)
  region size 1024K, 9 young (9216K), 9 survivors (9216K)
 Metaspace       used 102871K, committed 105024K, reserved 1179648K
  class space    used 13942K, committed 15040K, reserved 1048576K
}
Event: 63.568 GC heap before
{Heap before GC invocations=35 (full 0):
 garbage-first heap   total 156672K, used 143144K [0x0000000080000000, 0x0000000100000000)
  region size 1024K, 60 young (61440K), 9 survivors (9216K)
 Metaspace       used 106220K, committed 108352K, reserved 1179648K
  class space    used 14334K, committed 15424K, reserved 1048576K
}
Event: 63.575 GC heap after
{Heap after GC invocations=36 (full 0):
 garbage-first heap   total 158720K, used 91758K [0x0000000080000000, 0x0000000100000000)
  region size 1024K, 6 young (6144K), 6 survivors (6144K)
 Metaspace       used 106220K, committed 108352K, reserved 1179648K
  class space    used 14334K, committed 15424K, reserved 1048576K
}
Event: 63.841 GC heap before
{Heap before GC invocations=36 (full 0):
 garbage-first heap   total 158720K, used 141934K [0x0000000080000000, 0x0000000100000000)
  region size 1024K, 56 young (57344K), 6 survivors (6144K)
 Metaspace       used 106484K, committed 108544K, reserved 1179648K
  class space    used 14373K, committed 15424K, reserved 1048576K
}
Event: 63.847 GC heap after
{Heap after GC invocations=37 (full 0):
 garbage-first heap   total 158720K, used 92444K [0x0000000080000000, 0x0000000100000000)
  region size 1024K, 5 young (5120K), 5 survivors (5120K)
 Metaspace       used 106484K, committed 108544K, reserved 1179648K
  class space    used 14373K, committed 15424K, reserved 1048576K
}
Event: 64.080 GC heap before
{Heap before GC invocations=37 (full 0):
 garbage-first heap   total 158720K, used 142620K [0x0000000080000000, 0x0000000100000000)
  region size 1024K, 55 young (56320K), 5 survivors (5120K)
 Metaspace       used 106611K, committed 108800K, reserved 1179648K
  class space    used 14385K, committed 15488K, reserved 1048576K
}
Event: 64.084 GC heap after
{Heap after GC invocations=38 (full 0):
 garbage-first heap   total 158720K, used 94855K [0x0000000080000000, 0x0000000100000000)
  region size 1024K, 5 young (5120K), 5 survivors (5120K)
 Metaspace       used 106611K, committed 108800K, reserved 1179648K
  class space    used 14385K, committed 15488K, reserved 1048576K
}
Event: 64.579 GC heap before
{Heap before GC invocations=39 (full 0):
 garbage-first heap   total 158720K, used 142983K [0x0000000080000000, 0x0000000100000000)
  region size 1024K, 53 young (54272K), 5 survivors (5120K)
 Metaspace       used 108390K, committed 110592K, reserved 1179648K
  class space    used 14655K, committed 15744K, reserved 1048576K
}
Event: 64.585 GC heap after
{Heap after GC invocations=40 (full 0):
 garbage-first heap   total 158720K, used 101331K [0x0000000080000000, 0x0000000100000000)
  region size 1024K, 7 young (7168K), 7 survivors (7168K)
 Metaspace       used 108390K, committed 110592K, reserved 1179648K
  class space    used 14655K, committed 15744K, reserved 1048576K
}
Event: 65.131 GC heap before
{Heap before GC invocations=40 (full 0):
 garbage-first heap   total 158720K, used 147411K [0x0000000080000000, 0x0000000100000000)
  region size 1024K, 47 young (48128K), 7 survivors (7168K)
 Metaspace       used 114487K, committed 116672K, reserved 1179648K
  class space    used 15424K, committed 16512K, reserved 1048576K
}
Event: 65.138 GC heap after
{Heap after GC invocations=41 (full 0):
 garbage-first heap   total 163840K, used 110441K [0x0000000080000000, 0x0000000100000000)
  region size 1024K, 6 young (6144K), 6 survivors (6144K)
 Metaspace       used 114487K, committed 116672K, reserved 1179648K
  class space    used 15424K, committed 16512K, reserved 1048576K
}
Event: 65.737 GC heap before
{Heap before GC invocations=41 (full 0):
 garbage-first heap   total 163840K, used 147305K [0x0000000080000000, 0x0000000100000000)
  region size 1024K, 42 young (43008K), 6 survivors (6144K)
 Metaspace       used 116645K, committed 118912K, reserved 1179648K
  class space    used 15709K, committed 16832K, reserved 1048576K
}

