# JRE version: OpenJDK Runtime Environment (21.0.5) (build 21.0.5+-12932927-b750.29)
# Java VM: OpenJDK 64-Bit Server VM (21.0.5+-12932927-b750.29, mixed mode, tiered, compressed oops, compressed class ptrs, g1 gc, windows-amd64)
GC Precious Log:
 CardTable entry size: 512
 Card Set container configuration: InlinePtr #cards 5 size 8 Array Of Cards #cards 12 size 40 Howl #buckets 4 coarsen threshold 1843 Howl Bitmap #cards 512 size 80 coarsen threshold 460 Card regions per heap region 1 cards per card region 2048
 CPUs: 16 total, 16 available
 Memory: 14173M
 Large Page Support: Disabled
 NUMA Support: Disabled
 Compressed Oops: Enabled (32-bit)
 Heap Region Size: 1M
 Heap Min Capacity: 8M
 Heap Initial Capacity: 222M
 Heap Max Capacity: 2G
 Pre-touch: Disabled
 Parallel Workers: 13
 Concurrent Workers: 3
 Concurrent Refinement Workers: 13
 Periodic GC: Disabled
Heap:
 garbage-first heap   total 167936K, used 138881K [0x0000000080000000, 0x0000000100000000)
  region size 1024K, 36 young (36864K), 3 survivors (3072K)
 Metaspace       used 115229K, committed 117376K, reserved 1179648K
  class space    used 15111K, committed 16192K, reserved 1048576K
GC Heap History (20 events):
Event: 9.807 GC heap before
{Heap before GC invocations=28 (full 0):
 garbage-first heap   total 139264K, used 127794K [0x0000000080000000, 0x0000000100000000)
  region size 1024K, 52 young (53248K), 3 survivors (3072K)
 Metaspace       used 95407K, committed 97408K, reserved 1179648K
  class space    used 12910K, committed 13888K, reserved 1048576K
}
Event: 9.812 GC heap after
{Heap after GC invocations=29 (full 0):
 garbage-first heap   total 139264K, used 78839K [0x0000000080000000, 0x0000000100000000)
  region size 1024K, 6 young (6144K), 6 survivors (6144K)
 Metaspace       used 95407K, committed 97408K, reserved 1179648K
  class space    used 12910K, committed 13888K, reserved 1048576K
}
Event: 10.165 GC heap before
{Heap before GC invocations=29 (full 0):
 garbage-first heap   total 139264K, used 123895K [0x0000000080000000, 0x0000000100000000)
  region size 1024K, 50 young (51200K), 6 survivors (6144K)
 Metaspace       used 99012K, committed 101120K, reserved 1179648K
  class space    used 13461K, committed 14528K, reserved 1048576K
}
Event: 10.170 GC heap after
{Heap after GC invocations=30 (full 0):
 garbage-first heap   total 167936K, used 81057K [0x0000000080000000, 0x0000000100000000)
  region size 1024K, 5 young (5120K), 5 survivors (5120K)
 Metaspace       used 99012K, committed 101120K, reserved 1179648K
  class space    used 13461K, committed 14528K, reserved 1048576K
}
Event: 10.904 GC heap before
{Heap before GC invocations=31 (full 0):
 garbage-first heap   total 167936K, used 152737K [0x0000000080000000, 0x0000000100000000)
  region size 1024K, 71 young (72704K), 5 survivors (5120K)
 Metaspace       used 105289K, committed 107392K, reserved 1179648K
  class space    used 14189K, committed 15232K, reserved 1048576K
}
Event: 10.911 GC heap after
{Heap after GC invocations=32 (full 0):
 garbage-first heap   total 167936K, used 87858K [0x0000000080000000, 0x0000000100000000)
  region size 1024K, 9 young (9216K), 9 survivors (9216K)
 Metaspace       used 105289K, committed 107392K, reserved 1179648K
  class space    used 14189K, committed 15232K, reserved 1048576K
}
Event: 11.136 GC heap before
{Heap before GC invocations=32 (full 0):
 garbage-first heap   total 167936K, used 148274K [0x0000000080000000, 0x0000000100000000)
  region size 1024K, 69 young (70656K), 9 survivors (9216K)
 Metaspace       used 106063K, committed 108160K, reserved 1179648K
  class space    used 14281K, committed 15296K, reserved 1048576K
}
Event: 11.143 GC heap after
{Heap after GC invocations=33 (full 0):
 garbage-first heap   total 167936K, used 93022K [0x0000000080000000, 0x0000000100000000)
  region size 1024K, 6 young (6144K), 6 survivors (6144K)
 Metaspace       used 106063K, committed 108160K, reserved 1179648K
  class space    used 14281K, committed 15296K, reserved 1048576K
}
Event: 11.394 GC heap before
{Heap before GC invocations=33 (full 0):
 garbage-first heap   total 167936K, used 150366K [0x0000000080000000, 0x0000000100000000)
  region size 1024K, 63 young (64512K), 6 survivors (6144K)
 Metaspace       used 106427K, committed 108480K, reserved 1179648K
  class space    used 14329K, committed 15360K, reserved 1048576K
}
Event: 11.398 GC heap after
{Heap after GC invocations=34 (full 0):
 garbage-first heap   total 167936K, used 96648K [0x0000000080000000, 0x0000000100000000)
  region size 1024K, 6 young (6144K), 6 survivors (6144K)
 Metaspace       used 106427K, committed 108480K, reserved 1179648K
  class space    used 14329K, committed 15360K, reserved 1048576K
}
Event: 11.652 GC heap before
{Heap before GC invocations=35 (full 0):
 garbage-first heap   total 167936K, used 150920K [0x0000000080000000, 0x0000000100000000)
  region size 1024K, 60 young (61440K), 6 survivors (6144K)
 Metaspace       used 106737K, committed 108800K, reserved 1179648K
  class space    used 14366K, committed 15424K, reserved 1048576K
}
Event: 11.656 GC heap after
{Heap after GC invocations=36 (full 0):
 garbage-first heap   total 167936K, used 98745K [0x0000000080000000, 0x0000000100000000)
  region size 1024K, 5 young (5120K), 5 survivors (5120K)
 Metaspace       used 106737K, committed 108800K, reserved 1179648K
  class space    used 14366K, committed 15424K, reserved 1048576K
}
Event: 11.963 GC heap before
{Heap before GC invocations=36 (full 0):
 garbage-first heap   total 167936K, used 151993K [0x0000000080000000, 0x0000000100000000)
  region size 1024K, 58 young (59392K), 5 survivors (5120K)
 Metaspace       used 109080K, committed 111168K, reserved 1179648K
  class space    used 14650K, committed 15680K, reserved 1048576K
}
Event: 11.967 GC heap after
{Heap after GC invocations=37 (full 0):
 garbage-first heap   total 167936K, used 98595K [0x0000000080000000, 0x0000000100000000)
  region size 1024K, 5 young (5120K), 5 survivors (5120K)
 Metaspace       used 109080K, committed 111168K, reserved 1179648K
  class space    used 14650K, committed 15680K, reserved 1048576K
}
Event: 59.210 GC heap before
{Heap before GC invocations=37 (full 0):
 garbage-first heap   total 167936K, used 151843K [0x0000000080000000, 0x0000000100000000)
  region size 1024K, 58 young (59392K), 5 survivors (5120K)
 Metaspace       used 114476K, committed 116672K, reserved 1179648K
  class space    used 15103K, committed 16192K, reserved 1048576K
}
Event: 59.215 GC heap after
{Heap after GC invocations=38 (full 0):
 garbage-first heap   total 167936K, used 99390K [0x0000000080000000, 0x0000000100000000)
  region size 1024K, 2 young (2048K), 2 survivors (2048K)
 Metaspace       used 114476K, committed 116672K, reserved 1179648K
  class space    used 15103K, committed 16192K, reserved 1048576K
}
Event: 59.951 GC heap before
{Heap before GC invocations=39 (full 0):
 garbage-first heap   total 167936K, used 153662K [0x0000000080000000, 0x0000000100000000)
  region size 1024K, 56 young (57344K), 2 survivors (2048K)
 Metaspace       used 114908K, committed 117056K, reserved 1179648K
  class space    used 15106K, committed 16192K, reserved 1048576K
}
Event: 59.958 GC heap after
{Heap after GC invocations=40 (full 0):
 garbage-first heap   total 167936K, used 105868K [0x0000000080000000, 0x0000000100000000)
  region size 1024K, 7 young (7168K), 7 survivors (7168K)
 Metaspace       used 114908K, committed 117056K, reserved 1179648K
  class space    used 15106K, committed 16192K, reserved 1048576K
}
Event: 66.486 GC heap before
{Heap before GC invocations=40 (full 0):
 garbage-first heap   total 167936K, used 149900K [0x0000000080000000, 0x0000000100000000)
  region size 1024K, 51 young (52224K), 7 survivors (7168K)
 Metaspace       used 115082K, committed 117248K, reserved 1179648K
  class space    used 15109K, committed 16192K, reserved 1048576K
}
Event: 66.496 GC heap after
{Heap after GC invocations=41 (full 0):
 garbage-first heap   total 167936K, used 106113K [0x0000000080000000, 0x0000000100000000)
  region size 1024K, 3 young (3072K), 3 survivors (3072K)
 Metaspace       used 115082K, committed 117248K, reserved 1179648K
  class space    used 15109K, committed 16192K, reserved 1048576K
}

